<?xml version="1.0" encoding="UTF-8"?>
<!-- Generated by org.testng.reporters.JUnitXMLReporter -->
<testsuite hostname="DESKTOP-14SSSIG" name="Default test" tests="3" failures="0" timestamp="27 Jan 2020 13:10:11 GMT" time="4.035" errors="0">
  <testcase name="configEmailsUpdateTest" time="0.151" classname="com.app.dao.ConfigDaoTest"/>
  <testcase name="configInsertionTest" time="0.006" classname="com.app.dao.ConfigDaoTest"/>
  <testcase name="configTagsUpdateTest" time="0.015" classname="com.app.dao.ConfigDaoTest"/>
</testsuite> <!-- Default test -->
