<?xml version="1.0" encoding="UTF-8"?>
<!-- Generated by org.testng.reporters.JUnitXMLReporter -->
<testsuite hostname="DESKTOP-14SSSIG" name="Default test" tests="3" failures="0" timestamp="25 Jan 2020 07:07:18 GMT" time="3.605" errors="0">
  <testcase name="configEmailsUpdateTest" time="0.127" classname="com.app.dao.ConfigDaoTest"/>
  <testcase name="configInsertionTest" time="0.005" classname="com.app.dao.ConfigDaoTest"/>
  <testcase name="configTagsUpdateTest" time="0.009" classname="com.app.dao.ConfigDaoTest"/>
</testsuite> <!-- Default test -->
