<?xml version="1.0" encoding="UTF-8"?>
<testng-results skipped="0" failed="0" total="3" passed="3">
  <reporter-output>
  </reporter-output>
  <suite name="Default suite" duration-ms="3795" started-at="2020-01-25T18:24:32Z" finished-at="2020-01-25T18:24:36Z">
    <groups>
    </groups>
    <test name="Default test" duration-ms="3795" started-at="2020-01-25T18:24:32Z" finished-at="2020-01-25T18:24:36Z">
      <class name="com.app.dao.ChallengeDaoTest">
        <test-method status="PASS" signature="springTestContextBeforeTestClass()[pri:0, instance:com.app.dao.ChallengeDaoTest@45ca843]" name="springTestContextBeforeTestClass" is-config="true" duration-ms="13" started-at="2020-01-25T23:54:32Z" finished-at="2020-01-25T23:54:32Z">
          <reporter-output>
          </reporter-output>
        </test-method> <!-- springTestContextBeforeTestClass -->
        <test-method status="PASS" signature="springTestContextPrepareTestInstance()[pri:0, instance:com.app.dao.ChallengeDaoTest@45ca843]" name="springTestContextPrepareTestInstance" is-config="true" duration-ms="3421" started-at="2020-01-25T23:54:32Z" depends-on-methods="org.springframework.test.context.testng.AbstractTestNGSpringContextTests.springTestContextBeforeTestClass" finished-at="2020-01-25T23:54:36Z">
          <reporter-output>
          </reporter-output>
        </test-method> <!-- springTestContextPrepareTestInstance -->
        <test-method status="PASS" signature="springTestContextBeforeTestMethod(java.lang.reflect.Method)[pri:0, instance:com.app.dao.ChallengeDaoTest@45ca843]" name="springTestContextBeforeTestMethod" is-config="true" duration-ms="2" started-at="2020-01-25T23:54:36Z" finished-at="2020-01-25T23:54:36Z">
          <params>
            <param index="0">
              <value>
                <![CDATA[public void com.app.dao.ChallengeDaoTest.challengeInsertTest()]]>
              </value>
            </param>
          </params>
          <reporter-output>
          </reporter-output>
        </test-method> <!-- springTestContextBeforeTestMethod -->
        <test-method status="PASS" signature="challengeInsertTest()[pri:0, instance:com.app.dao.ChallengeDaoTest@45ca843]" name="challengeInsertTest" duration-ms="271" started-at="2020-01-25T23:54:36Z" finished-at="2020-01-25T23:54:36Z">
          <reporter-output>
          </reporter-output>
        </test-method> <!-- challengeInsertTest -->
        <test-method status="PASS" signature="springTestContextAfterTestMethod(java.lang.reflect.Method)[pri:0, instance:com.app.dao.ChallengeDaoTest@45ca843]" name="springTestContextAfterTestMethod" is-config="true" duration-ms="2" started-at="2020-01-25T23:54:36Z" finished-at="2020-01-25T23:54:36Z">
          <params>
            <param index="0">
              <value>
                <![CDATA[public void com.app.dao.ChallengeDaoTest.challengeInsertTest()]]>
              </value>
            </param>
          </params>
          <reporter-output>
          </reporter-output>
        </test-method> <!-- springTestContextAfterTestMethod -->
        <test-method status="PASS" signature="springTestContextBeforeTestMethod(java.lang.reflect.Method)[pri:0, instance:com.app.dao.ChallengeDaoTest@45ca843]" name="springTestContextBeforeTestMethod" is-config="true" duration-ms="1" started-at="2020-01-25T23:54:36Z" finished-at="2020-01-25T23:54:36Z">
          <params>
            <param index="0">
              <value>
                <![CDATA[public void com.app.dao.ChallengeDaoTest.challengeInsertTest2()]]>
              </value>
            </param>
          </params>
          <reporter-output>
          </reporter-output>
        </test-method> <!-- springTestContextBeforeTestMethod -->
        <test-method status="PASS" signature="challengeInsertTest2()[pri:0, instance:com.app.dao.ChallengeDaoTest@45ca843]" name="challengeInsertTest2" duration-ms="51" started-at="2020-01-25T23:54:36Z" finished-at="2020-01-25T23:54:36Z">
          <reporter-output>
          </reporter-output>
        </test-method> <!-- challengeInsertTest2 -->
        <test-method status="PASS" signature="springTestContextAfterTestMethod(java.lang.reflect.Method)[pri:0, instance:com.app.dao.ChallengeDaoTest@45ca843]" name="springTestContextAfterTestMethod" is-config="true" duration-ms="0" started-at="2020-01-25T23:54:36Z" finished-at="2020-01-25T23:54:36Z">
          <params>
            <param index="0">
              <value>
                <![CDATA[public void com.app.dao.ChallengeDaoTest.challengeInsertTest2()]]>
              </value>
            </param>
          </params>
          <reporter-output>
          </reporter-output>
        </test-method> <!-- springTestContextAfterTestMethod -->
        <test-method status="PASS" signature="springTestContextBeforeTestMethod(java.lang.reflect.Method)[pri:0, instance:com.app.dao.ChallengeDaoTest@45ca843]" name="springTestContextBeforeTestMethod" is-config="true" duration-ms="2" started-at="2020-01-25T23:54:36Z" finished-at="2020-01-25T23:54:36Z">
          <params>
            <param index="0">
              <value>
                <![CDATA[public void com.app.dao.ChallengeDaoTest.challengesCountTest()]]>
              </value>
            </param>
          </params>
          <reporter-output>
          </reporter-output>
        </test-method> <!-- springTestContextBeforeTestMethod -->
        <test-method status="PASS" signature="challengesCountTest()[pri:0, instance:com.app.dao.ChallengeDaoTest@45ca843]" name="challengesCountTest" duration-ms="8" started-at="2020-01-25T23:54:36Z" finished-at="2020-01-25T23:54:36Z">
          <reporter-output>
          </reporter-output>
        </test-method> <!-- challengesCountTest -->
        <test-method status="PASS" signature="springTestContextAfterTestClass()[pri:0, instance:com.app.dao.ChallengeDaoTest@45ca843]" name="springTestContextAfterTestClass" is-config="true" duration-ms="2" started-at="2020-01-25T23:54:36Z" finished-at="2020-01-25T23:54:36Z">
          <reporter-output>
          </reporter-output>
        </test-method> <!-- springTestContextAfterTestClass -->
        <test-method status="PASS" signature="springTestContextAfterTestMethod(java.lang.reflect.Method)[pri:0, instance:com.app.dao.ChallengeDaoTest@45ca843]" name="springTestContextAfterTestMethod" is-config="true" duration-ms="0" started-at="2020-01-25T23:54:36Z" finished-at="2020-01-25T23:54:36Z">
          <params>
            <param index="0">
              <value>
                <![CDATA[public void com.app.dao.ChallengeDaoTest.challengesCountTest()]]>
              </value>
            </param>
          </params>
          <reporter-output>
          </reporter-output>
        </test-method> <!-- springTestContextAfterTestMethod -->
      </class> <!-- com.app.dao.ChallengeDaoTest -->
    </test> <!-- Default test -->
  </suite> <!-- Default suite -->
</testng-results>
